Hello this is a debug message
Hello this is a debug message
Hello this is a debug message
Hello this is a debug message
Hello this is a debug message
Hello this is a debug message
Hello this is a debug message
Hello this is a debug message
Hello this is a debug message
Hello this is a debug message
Hello this is a debug message
Hello this is a debug message
Hello this is a debug message
Creating Hashmap
Concatenating Lines
Inserting individual character to array
Adding to hashMap
Creating new Text file
Writing to text file
Creating Hashmap
Concatenating Lines
Inserting individual character to array
Adding to hashMap
Creating new Text file
Writing to text file
Creating Hashmap
Concatenating Lines
Inserting individual character to array
Adding to hashMap
Creating new Text file
Writing to text file
Creating Hashmap
Concatenating Lines
Inserting individual character to array
Adding to hashMap
Creating new Text file
Writing to text file
